<?xml version="1.0" encoding="UTF-8"?>
<TestRun id="a2eec7e0-7142-45da-b7c3-ed78cd1f256b" name="Hrasko@HRASKO-NOTE 2011-12-04 19:07:10" runUser="Hrasko-Note\Hrasko" xmlns="http://microsoft.com/schemas/VisualStudio/TeamTest/2010">
  <TestSettings name="Local" id="dc200b77-088d-4b24-b6dd-686920d0151f">
    <Description>These are default test settings for a local test run.</Description>
    <Deployment enabled="false" runDeploymentRoot="Hrasko_HRASKO-NOTE 2011-12-04 19_07_10">
      <DeploymentItem filename="C:\Users\Hrasko\Dropbox\TCC\código\WebAppTeste\WebAppTeste\bin\WebAppTeste.dll" />
    </Deployment>
    <Execution>
      <TestTypeSpecific />
      <AgentRule name="Execution Agents">
      </AgentRule>
    </Execution>
  </TestSettings>
  <Times creation="2011-12-04T19:07:10.0137046-02:00" queuing="2011-12-04T19:07:11.7298028-02:00" start="2011-12-04T19:07:11.8928121-02:00" finish="2011-12-04T19:09:30.8967627-02:00" />
  <ResultSummary outcome="Error">
    <Counters total="11" executed="3" passed="2" error="0" failed="0" timeout="0" aborted="1" inconclusive="0" passedButRunAborted="0" notRunnable="0" notExecuted="8" disconnected="0" warning="0" completed="0" inProgress="0" pending="0" />
    <RunInfos>
      <RunInfo computerName="HRASKO-NOTE" outcome="Error" timestamp="2011-12-04T19:09:30.8847620-02:00">
        <Text>Test host process exited unexpectedly.</Text>
      </RunInfo>
    </RunInfos>
  </ResultSummary>
  <TestDefinitions>
    <UnitTest name="mustParseInnerMsgOfThirdLevelTag" storage="c:\users\hrasko\dropbox\tcc\código\webappteste\testproject1\bin\debug\testproject1.dll" id="ae84655b-3414-0878-b5a2-71f2dd1984c4">
      <Execution id="4384d7db-a83c-4152-842e-95951443762c" />
      <TestMethod codeBase="C:/Users/Hrasko/Dropbox/TCC/código/WebAppTeste/TestProject1/bin/Debug/TestProject1.DLL" adapterTypeName="Microsoft.VisualStudio.TestTools.TestTypes.Unit.UnitTestAdapter, Microsoft.VisualStudio.QualityTools.Tips.UnitTest.Adapter, Version=10.0.0.0, Culture=neutral, PublicKeyToken=b03f5f7f11d50a3a" className="DOMSharp.Test.DOMNodeTest, TestProject1, Version=1.0.0.0, Culture=neutral, PublicKeyToken=null" name="mustParseInnerMsgOfThirdLevelTag" />
    </UnitTest>
    <UnitTest name="AgenteMovimentacaoYQLLeXML" storage="c:\users\hrasko\dropbox\tcc\código\webappteste\testproject1\bin\debug\testproject1.dll" id="26125b13-5dce-5432-cc3c-c7a905fcdc6d">
      <Execution id="22ca58f2-0d71-4352-87ae-0b94d8f7487a" />
      <TestMethod codeBase="C:/Users/Hrasko/Dropbox/TCC/código/WebAppTeste/TestProject1/bin/Debug/TestProject1.DLL" adapterTypeName="Microsoft.VisualStudio.TestTools.TestTypes.Unit.UnitTestAdapter, Microsoft.VisualStudio.QualityTools.Tips.UnitTest.Adapter, Version=10.0.0.0, Culture=neutral, PublicKeyToken=b03f5f7f11d50a3a" className="TestProject1.UnitTest1, TestProject1, Version=1.0.0.0, Culture=neutral, PublicKeyToken=null" name="AgenteMovimentacaoYQLLeXML" />
    </UnitTest>
    <UnitTest name="mustParseInnerMsgWithInnerTag" storage="c:\users\hrasko\dropbox\tcc\código\webappteste\testproject1\bin\debug\testproject1.dll" id="ab327957-62d9-7d7d-7b45-25fbf8a9d34d">
      <Execution id="7a28305f-fc20-401e-82c3-6bc4293260b1" />
      <TestMethod codeBase="C:/Users/Hrasko/Dropbox/TCC/código/WebAppTeste/TestProject1/bin/Debug/TestProject1.DLL" adapterTypeName="Microsoft.VisualStudio.TestTools.TestTypes.Unit.UnitTestAdapter, Microsoft.VisualStudio.QualityTools.Tips.UnitTest.Adapter, Version=10.0.0.0, Culture=neutral, PublicKeyToken=b03f5f7f11d50a3a" className="DOMSharp.Test.DOMNodeTest, TestProject1, Version=1.0.0.0, Culture=neutral, PublicKeyToken=null" name="mustParseInnerMsgWithInnerTag" />
    </UnitTest>
    <UnitTest name="mustParseInnerMsgOfThirdLevelSecondTag" storage="c:\users\hrasko\dropbox\tcc\código\webappteste\testproject1\bin\debug\testproject1.dll" id="bed3137b-3b3d-9cff-6927-ad87a660b6f2">
      <Execution id="bb7eef42-e2bc-46f5-ac3c-2e3811dffde8" />
      <TestMethod codeBase="C:/Users/Hrasko/Dropbox/TCC/código/WebAppTeste/TestProject1/bin/Debug/TestProject1.DLL" adapterTypeName="Microsoft.VisualStudio.TestTools.TestTypes.Unit.UnitTestAdapter, Microsoft.VisualStudio.QualityTools.Tips.UnitTest.Adapter, Version=10.0.0.0, Culture=neutral, PublicKeyToken=b03f5f7f11d50a3a" className="DOMSharp.Test.DOMNodeTest, TestProject1, Version=1.0.0.0, Culture=neutral, PublicKeyToken=null" name="mustParseInnerMsgOfThirdLevelSecondTag" />
    </UnitTest>
    <UnitTest name="mustParseInnerMsgOfSecondTag" storage="c:\users\hrasko\dropbox\tcc\código\webappteste\testproject1\bin\debug\testproject1.dll" id="56148666-c14d-e740-db16-5e65c1095d96">
      <Execution id="686a9cab-e49e-44d0-b98c-efe656d14b60" />
      <TestMethod codeBase="C:/Users/Hrasko/Dropbox/TCC/código/WebAppTeste/TestProject1/bin/Debug/TestProject1.DLL" adapterTypeName="Microsoft.VisualStudio.TestTools.TestTypes.Unit.UnitTestAdapter, Microsoft.VisualStudio.QualityTools.Tips.UnitTest.Adapter, Version=10.0.0.0, Culture=neutral, PublicKeyToken=b03f5f7f11d50a3a" className="DOMSharp.Test.DOMNodeTest, TestProject1, Version=1.0.0.0, Culture=neutral, PublicKeyToken=null" name="mustParseInnerMsgOfSecondTag" />
    </UnitTest>
    <UnitTest name="mustParseInnerMsg" storage="c:\users\hrasko\dropbox\tcc\código\webappteste\testproject1\bin\debug\testproject1.dll" id="106319c2-9ec8-7be2-5598-8c7d4fed9d93">
      <Execution id="98945419-c2df-45fb-a7d7-1706d1da8415" />
      <TestMethod codeBase="C:/Users/Hrasko/Dropbox/TCC/código/WebAppTeste/TestProject1/bin/Debug/TestProject1.DLL" adapterTypeName="Microsoft.VisualStudio.TestTools.TestTypes.Unit.UnitTestAdapter, Microsoft.VisualStudio.QualityTools.Tips.UnitTest.Adapter, Version=10.0.0.0, Culture=neutral, PublicKeyToken=b03f5f7f11d50a3a" className="DOMSharp.Test.DOMNodeTest, TestProject1, Version=1.0.0.0, Culture=neutral, PublicKeyToken=null" name="mustParseInnerMsg" />
    </UnitTest>
    <UnitTest name="mustParseInnerMsgOfInnerTag" storage="c:\users\hrasko\dropbox\tcc\código\webappteste\testproject1\bin\debug\testproject1.dll" id="f06b4dda-81cc-5b83-58cb-220343386b58">
      <Execution id="553ac02f-941f-4720-8752-92083e2bd963" />
      <TestMethod codeBase="C:/Users/Hrasko/Dropbox/TCC/código/WebAppTeste/TestProject1/bin/Debug/TestProject1.DLL" adapterTypeName="Microsoft.VisualStudio.TestTools.TestTypes.Unit.UnitTestAdapter, Microsoft.VisualStudio.QualityTools.Tips.UnitTest.Adapter, Version=10.0.0.0, Culture=neutral, PublicKeyToken=b03f5f7f11d50a3a" className="DOMSharp.Test.DOMNodeTest, TestProject1, Version=1.0.0.0, Culture=neutral, PublicKeyToken=null" name="mustParseInnerMsgOfInnerTag" />
    </UnitTest>
    <UnitTest name="mustParseNodeName" storage="c:\users\hrasko\dropbox\tcc\código\webappteste\testproject1\bin\debug\testproject1.dll" id="b5b2f11c-8613-93a5-3243-fb414ac9b971">
      <Execution id="cf5cb24e-bc05-45ee-bb9b-536cb92fca2a" />
      <TestMethod codeBase="C:/Users/Hrasko/Dropbox/TCC/código/WebAppTeste/TestProject1/bin/Debug/TestProject1.DLL" adapterTypeName="Microsoft.VisualStudio.TestTools.TestTypes.Unit.UnitTestAdapter, Microsoft.VisualStudio.QualityTools.Tips.UnitTest.Adapter, Version=10.0.0.0, Culture=neutral, PublicKeyToken=b03f5f7f11d50a3a" className="DOMSharp.Test.DOMNodeTest, TestProject1, Version=1.0.0.0, Culture=neutral, PublicKeyToken=null" name="mustParseNodeName" />
    </UnitTest>
    <UnitTest name="mustParseAttributeSeparated" storage="c:\users\hrasko\dropbox\tcc\código\webappteste\testproject1\bin\debug\testproject1.dll" id="12f6e71d-d2a6-98bd-f14d-0ed94577102f">
      <Execution id="772d4cf8-3912-4a44-ab2a-06e135977aaa" />
      <TestMethod codeBase="C:/Users/Hrasko/Dropbox/TCC/código/WebAppTeste/TestProject1/bin/Debug/TestProject1.DLL" adapterTypeName="Microsoft.VisualStudio.TestTools.TestTypes.Unit.UnitTestAdapter, Microsoft.VisualStudio.QualityTools.Tips.UnitTest.Adapter, Version=10.0.0.0, Culture=neutral, PublicKeyToken=b03f5f7f11d50a3a" className="DOMSharp.Test.DOMNodeTest, TestProject1, Version=1.0.0.0, Culture=neutral, PublicKeyToken=null" name="mustParseAttributeSeparated" />
    </UnitTest>
    <UnitTest name="mustParseAttributeValue" storage="c:\users\hrasko\dropbox\tcc\código\webappteste\testproject1\bin\debug\testproject1.dll" id="37b27471-71ea-9410-8d6f-df828773e50b">
      <Execution id="a1019c6e-4399-4894-8f71-008c675ed804" />
      <TestMethod codeBase="C:/Users/Hrasko/Dropbox/TCC/código/WebAppTeste/TestProject1/bin/Debug/TestProject1.DLL" adapterTypeName="Microsoft.VisualStudio.TestTools.TestTypes.Unit.UnitTestAdapter, Microsoft.VisualStudio.QualityTools.Tips.UnitTest.Adapter, Version=10.0.0.0, Culture=neutral, PublicKeyToken=b03f5f7f11d50a3a" className="DOMSharp.Test.DOMNodeTest, TestProject1, Version=1.0.0.0, Culture=neutral, PublicKeyToken=null" name="mustParseAttributeValue" />
    </UnitTest>
    <UnitTest name="mustParseAttributeName" storage="c:\users\hrasko\dropbox\tcc\código\webappteste\testproject1\bin\debug\testproject1.dll" id="2698a66e-1ba5-f4ac-d25d-e461e018a3c4">
      <Execution id="d56d30f4-0931-4172-8682-07e7f6150671" />
      <TestMethod codeBase="C:/Users/Hrasko/Dropbox/TCC/código/WebAppTeste/TestProject1/bin/Debug/TestProject1.DLL" adapterTypeName="Microsoft.VisualStudio.TestTools.TestTypes.Unit.UnitTestAdapter, Microsoft.VisualStudio.QualityTools.Tips.UnitTest.Adapter, Version=10.0.0.0, Culture=neutral, PublicKeyToken=b03f5f7f11d50a3a" className="DOMSharp.Test.DOMNodeTest, TestProject1, Version=1.0.0.0, Culture=neutral, PublicKeyToken=null" name="mustParseAttributeName" />
    </UnitTest>
  </TestDefinitions>
  <TestLists>
    <TestList name="Results Not in a List" id="8c84fa94-04c1-424b-9868-57a2d4851a1d" />
    <TestList name="All Loaded Results" id="19431567-8539-422a-85d7-44ee4e166bda" />
  </TestLists>
  <TestEntries>
    <TestEntry testId="106319c2-9ec8-7be2-5598-8c7d4fed9d93" executionId="98945419-c2df-45fb-a7d7-1706d1da8415" testListId="8c84fa94-04c1-424b-9868-57a2d4851a1d" />
    <TestEntry testId="12f6e71d-d2a6-98bd-f14d-0ed94577102f" executionId="772d4cf8-3912-4a44-ab2a-06e135977aaa" testListId="8c84fa94-04c1-424b-9868-57a2d4851a1d" />
    <TestEntry testId="26125b13-5dce-5432-cc3c-c7a905fcdc6d" executionId="22ca58f2-0d71-4352-87ae-0b94d8f7487a" testListId="8c84fa94-04c1-424b-9868-57a2d4851a1d" />
    <TestEntry testId="2698a66e-1ba5-f4ac-d25d-e461e018a3c4" executionId="d56d30f4-0931-4172-8682-07e7f6150671" testListId="8c84fa94-04c1-424b-9868-57a2d4851a1d" />
    <TestEntry testId="37b27471-71ea-9410-8d6f-df828773e50b" executionId="a1019c6e-4399-4894-8f71-008c675ed804" testListId="8c84fa94-04c1-424b-9868-57a2d4851a1d" />
    <TestEntry testId="56148666-c14d-e740-db16-5e65c1095d96" executionId="686a9cab-e49e-44d0-b98c-efe656d14b60" testListId="8c84fa94-04c1-424b-9868-57a2d4851a1d" />
    <TestEntry testId="ab327957-62d9-7d7d-7b45-25fbf8a9d34d" executionId="7a28305f-fc20-401e-82c3-6bc4293260b1" testListId="8c84fa94-04c1-424b-9868-57a2d4851a1d" />
    <TestEntry testId="ae84655b-3414-0878-b5a2-71f2dd1984c4" executionId="4384d7db-a83c-4152-842e-95951443762c" testListId="8c84fa94-04c1-424b-9868-57a2d4851a1d" />
    <TestEntry testId="b5b2f11c-8613-93a5-3243-fb414ac9b971" executionId="cf5cb24e-bc05-45ee-bb9b-536cb92fca2a" testListId="8c84fa94-04c1-424b-9868-57a2d4851a1d" />
    <TestEntry testId="bed3137b-3b3d-9cff-6927-ad87a660b6f2" executionId="bb7eef42-e2bc-46f5-ac3c-2e3811dffde8" testListId="8c84fa94-04c1-424b-9868-57a2d4851a1d" />
    <TestEntry testId="f06b4dda-81cc-5b83-58cb-220343386b58" executionId="553ac02f-941f-4720-8752-92083e2bd963" testListId="8c84fa94-04c1-424b-9868-57a2d4851a1d" />
  </TestEntries>
  <Results>
    <UnitTestResult executionId="98945419-c2df-45fb-a7d7-1706d1da8415" testId="106319c2-9ec8-7be2-5598-8c7d4fed9d93" testName="mustParseInnerMsg" computerName="HRASKO-NOTE" duration="00:00:00.0231166" startTime="2011-12-04T19:07:12.0858231-02:00" endTime="2011-12-04T19:07:13.5959095-02:00" testType="13cdc9d9-ddb5-4fa4-a97d-d965ccfc6d4b" outcome="Passed" testListId="8c84fa94-04c1-424b-9868-57a2d4851a1d" relativeResultsDirectory="98945419-c2df-45fb-a7d7-1706d1da8415">
    </UnitTestResult>
    <UnitTestResult executionId="772d4cf8-3912-4a44-ab2a-06e135977aaa" testId="12f6e71d-d2a6-98bd-f14d-0ed94577102f" testName="mustParseAttributeSeparated" computerName="HRASKO-NOTE" duration="00:00:00.0006140" startTime="2011-12-04T19:07:13.6169107-02:00" endTime="2011-12-04T19:07:13.6279113-02:00" testType="13cdc9d9-ddb5-4fa4-a97d-d965ccfc6d4b" outcome="Passed" testListId="8c84fa94-04c1-424b-9868-57a2d4851a1d" relativeResultsDirectory="772d4cf8-3912-4a44-ab2a-06e135977aaa">
    </UnitTestResult>
    <UnitTestResult executionId="22ca58f2-0d71-4352-87ae-0b94d8f7487a" testId="26125b13-5dce-5432-cc3c-c7a905fcdc6d" testName="AgenteMovimentacaoYQLLeXML" computerName="HRASKO-NOTE" duration="00:02:17.2498502" startTime="2011-12-04T19:07:13.6389120-02:00" endTime="2011-12-04T19:09:30.8887622-02:00" testType="13cdc9d9-ddb5-4fa4-a97d-d965ccfc6d4b" outcome="Aborted" testListId="8c84fa94-04c1-424b-9868-57a2d4851a1d" relativeResultsDirectory="22ca58f2-0d71-4352-87ae-0b94d8f7487a">
    </UnitTestResult>
    <UnitTestResult executionId="d56d30f4-0931-4172-8682-07e7f6150671" testId="2698a66e-1ba5-f4ac-d25d-e461e018a3c4" testName="mustParseAttributeName" computerName="HRASKO-NOTE" testType="13cdc9d9-ddb5-4fa4-a97d-d965ccfc6d4b" outcome="NotExecuted" testListId="8c84fa94-04c1-424b-9868-57a2d4851a1d" relativeResultsDirectory="d56d30f4-0931-4172-8682-07e7f6150671">
    </UnitTestResult>
    <UnitTestResult executionId="a1019c6e-4399-4894-8f71-008c675ed804" testId="37b27471-71ea-9410-8d6f-df828773e50b" testName="mustParseAttributeValue" computerName="HRASKO-NOTE" testType="13cdc9d9-ddb5-4fa4-a97d-d965ccfc6d4b" outcome="NotExecuted" testListId="8c84fa94-04c1-424b-9868-57a2d4851a1d" relativeResultsDirectory="a1019c6e-4399-4894-8f71-008c675ed804">
    </UnitTestResult>
    <UnitTestResult executionId="686a9cab-e49e-44d0-b98c-efe656d14b60" testId="56148666-c14d-e740-db16-5e65c1095d96" testName="mustParseInnerMsgOfSecondTag" computerName="HRASKO-NOTE" testType="13cdc9d9-ddb5-4fa4-a97d-d965ccfc6d4b" outcome="NotExecuted" testListId="8c84fa94-04c1-424b-9868-57a2d4851a1d" relativeResultsDirectory="686a9cab-e49e-44d0-b98c-efe656d14b60">
    </UnitTestResult>
    <UnitTestResult executionId="7a28305f-fc20-401e-82c3-6bc4293260b1" testId="ab327957-62d9-7d7d-7b45-25fbf8a9d34d" testName="mustParseInnerMsgWithInnerTag" computerName="HRASKO-NOTE" testType="13cdc9d9-ddb5-4fa4-a97d-d965ccfc6d4b" outcome="NotExecuted" testListId="8c84fa94-04c1-424b-9868-57a2d4851a1d" relativeResultsDirectory="7a28305f-fc20-401e-82c3-6bc4293260b1">
    </UnitTestResult>
    <UnitTestResult executionId="4384d7db-a83c-4152-842e-95951443762c" testId="ae84655b-3414-0878-b5a2-71f2dd1984c4" testName="mustParseInnerMsgOfThirdLevelTag" computerName="HRASKO-NOTE" testType="13cdc9d9-ddb5-4fa4-a97d-d965ccfc6d4b" outcome="NotExecuted" testListId="8c84fa94-04c1-424b-9868-57a2d4851a1d" relativeResultsDirectory="4384d7db-a83c-4152-842e-95951443762c">
    </UnitTestResult>
    <UnitTestResult executionId="cf5cb24e-bc05-45ee-bb9b-536cb92fca2a" testId="b5b2f11c-8613-93a5-3243-fb414ac9b971" testName="mustParseNodeName" computerName="HRASKO-NOTE" testType="13cdc9d9-ddb5-4fa4-a97d-d965ccfc6d4b" outcome="NotExecuted" testListId="8c84fa94-04c1-424b-9868-57a2d4851a1d" relativeResultsDirectory="cf5cb24e-bc05-45ee-bb9b-536cb92fca2a">
    </UnitTestResult>
    <UnitTestResult executionId="bb7eef42-e2bc-46f5-ac3c-2e3811dffde8" testId="bed3137b-3b3d-9cff-6927-ad87a660b6f2" testName="mustParseInnerMsgOfThirdLevelSecondTag" computerName="HRASKO-NOTE" testType="13cdc9d9-ddb5-4fa4-a97d-d965ccfc6d4b" outcome="NotExecuted" testListId="8c84fa94-04c1-424b-9868-57a2d4851a1d" relativeResultsDirectory="bb7eef42-e2bc-46f5-ac3c-2e3811dffde8">
    </UnitTestResult>
    <UnitTestResult executionId="553ac02f-941f-4720-8752-92083e2bd963" testId="f06b4dda-81cc-5b83-58cb-220343386b58" testName="mustParseInnerMsgOfInnerTag" computerName="HRASKO-NOTE" testType="13cdc9d9-ddb5-4fa4-a97d-d965ccfc6d4b" outcome="NotExecuted" testListId="8c84fa94-04c1-424b-9868-57a2d4851a1d" relativeResultsDirectory="553ac02f-941f-4720-8752-92083e2bd963">
    </UnitTestResult>
  </Results>
</TestRun>