<?xml version="1.0" encoding="UTF-8"?>
<TestRun id="c3ab1f93-4a10-49de-aa64-810a8647eedd" name="Hrasko@HRASKO-NOTE 2011-12-04 19:31:18" runUser="Hrasko-Note\Hrasko" xmlns="http://microsoft.com/schemas/VisualStudio/TeamTest/2010">
  <TestSettings name="Local" id="dc200b77-088d-4b24-b6dd-686920d0151f">
    <Description>These are default test settings for a local test run.</Description>
    <Deployment enabled="false" runDeploymentRoot="Hrasko_HRASKO-NOTE 2011-12-04 19_31_18">
      <DeploymentItem filename="C:\Users\Hrasko\Dropbox\TCC\código\WebAppTeste\WebAppTeste\bin\WebAppTeste.dll" />
    </Deployment>
    <Execution>
      <TestTypeSpecific />
      <AgentRule name="Execution Agents">
      </AgentRule>
    </Execution>
  </TestSettings>
  <Times creation="2011-12-04T19:31:18.5775577-02:00" queuing="2011-12-04T19:31:20.1856497-02:00" start="2011-12-04T19:31:20.2966560-02:00" finish="2011-12-04T19:32:01.7740284-02:00" />
  <ResultSummary outcome="Error">
    <Counters total="11" executed="3" passed="2" error="0" failed="0" timeout="0" aborted="1" inconclusive="0" passedButRunAborted="0" notRunnable="0" notExecuted="8" disconnected="0" warning="0" completed="0" inProgress="0" pending="0" />
    <RunInfos>
      <RunInfo computerName="HRASKO-NOTE" outcome="Error" timestamp="2011-12-04T19:32:01.7590276-02:00">
        <Text>Test host process exited unexpectedly.</Text>
      </RunInfo>
    </RunInfos>
  </ResultSummary>
  <TestDefinitions>
    <UnitTest name="mustParseInnerMsgOfThirdLevelTag" storage="c:\users\hrasko\dropbox\tcc\código\webappteste\testproject1\bin\debug\testproject1.dll" id="ae84655b-3414-0878-b5a2-71f2dd1984c4">
      <Execution id="f9b6caed-3f4c-4859-881f-e83883c0ccb1" />
      <TestMethod codeBase="C:/Users/Hrasko/Dropbox/TCC/código/WebAppTeste/TestProject1/bin/Debug/TestProject1.DLL" adapterTypeName="Microsoft.VisualStudio.TestTools.TestTypes.Unit.UnitTestAdapter, Microsoft.VisualStudio.QualityTools.Tips.UnitTest.Adapter, Version=10.0.0.0, Culture=neutral, PublicKeyToken=b03f5f7f11d50a3a" className="DOMSharp.Test.DOMNodeTest, TestProject1, Version=1.0.0.0, Culture=neutral, PublicKeyToken=null" name="mustParseInnerMsgOfThirdLevelTag" />
    </UnitTest>
    <UnitTest name="AgenteMovimentacaoYQLLeXML" storage="c:\users\hrasko\dropbox\tcc\código\webappteste\testproject1\bin\debug\testproject1.dll" id="26125b13-5dce-5432-cc3c-c7a905fcdc6d">
      <Execution id="0cbd5bb8-4aae-437e-80c3-77672d436187" />
      <TestMethod codeBase="C:/Users/Hrasko/Dropbox/TCC/código/WebAppTeste/TestProject1/bin/Debug/TestProject1.DLL" adapterTypeName="Microsoft.VisualStudio.TestTools.TestTypes.Unit.UnitTestAdapter, Microsoft.VisualStudio.QualityTools.Tips.UnitTest.Adapter, Version=10.0.0.0, Culture=neutral, PublicKeyToken=b03f5f7f11d50a3a" className="TestProject1.UnitTest1, TestProject1, Version=1.0.0.0, Culture=neutral, PublicKeyToken=null" name="AgenteMovimentacaoYQLLeXML" />
    </UnitTest>
    <UnitTest name="mustParseInnerMsgWithInnerTag" storage="c:\users\hrasko\dropbox\tcc\código\webappteste\testproject1\bin\debug\testproject1.dll" id="ab327957-62d9-7d7d-7b45-25fbf8a9d34d">
      <Execution id="6852cf03-a513-4c99-a696-344e86442b0b" />
      <TestMethod codeBase="C:/Users/Hrasko/Dropbox/TCC/código/WebAppTeste/TestProject1/bin/Debug/TestProject1.DLL" adapterTypeName="Microsoft.VisualStudio.TestTools.TestTypes.Unit.UnitTestAdapter, Microsoft.VisualStudio.QualityTools.Tips.UnitTest.Adapter, Version=10.0.0.0, Culture=neutral, PublicKeyToken=b03f5f7f11d50a3a" className="DOMSharp.Test.DOMNodeTest, TestProject1, Version=1.0.0.0, Culture=neutral, PublicKeyToken=null" name="mustParseInnerMsgWithInnerTag" />
    </UnitTest>
    <UnitTest name="mustParseInnerMsgOfThirdLevelSecondTag" storage="c:\users\hrasko\dropbox\tcc\código\webappteste\testproject1\bin\debug\testproject1.dll" id="bed3137b-3b3d-9cff-6927-ad87a660b6f2">
      <Execution id="3ecf4496-4cb6-4b25-8e1a-0ed53ab8d09e" />
      <TestMethod codeBase="C:/Users/Hrasko/Dropbox/TCC/código/WebAppTeste/TestProject1/bin/Debug/TestProject1.DLL" adapterTypeName="Microsoft.VisualStudio.TestTools.TestTypes.Unit.UnitTestAdapter, Microsoft.VisualStudio.QualityTools.Tips.UnitTest.Adapter, Version=10.0.0.0, Culture=neutral, PublicKeyToken=b03f5f7f11d50a3a" className="DOMSharp.Test.DOMNodeTest, TestProject1, Version=1.0.0.0, Culture=neutral, PublicKeyToken=null" name="mustParseInnerMsgOfThirdLevelSecondTag" />
    </UnitTest>
    <UnitTest name="mustParseInnerMsgOfSecondTag" storage="c:\users\hrasko\dropbox\tcc\código\webappteste\testproject1\bin\debug\testproject1.dll" id="56148666-c14d-e740-db16-5e65c1095d96">
      <Execution id="eb3eaced-81ab-4e51-a1be-e99f0aa0c634" />
      <TestMethod codeBase="C:/Users/Hrasko/Dropbox/TCC/código/WebAppTeste/TestProject1/bin/Debug/TestProject1.DLL" adapterTypeName="Microsoft.VisualStudio.TestTools.TestTypes.Unit.UnitTestAdapter, Microsoft.VisualStudio.QualityTools.Tips.UnitTest.Adapter, Version=10.0.0.0, Culture=neutral, PublicKeyToken=b03f5f7f11d50a3a" className="DOMSharp.Test.DOMNodeTest, TestProject1, Version=1.0.0.0, Culture=neutral, PublicKeyToken=null" name="mustParseInnerMsgOfSecondTag" />
    </UnitTest>
    <UnitTest name="mustParseInnerMsg" storage="c:\users\hrasko\dropbox\tcc\código\webappteste\testproject1\bin\debug\testproject1.dll" id="106319c2-9ec8-7be2-5598-8c7d4fed9d93">
      <Execution id="04d1fa4b-82de-44d4-9342-eeb9037f412a" />
      <TestMethod codeBase="C:/Users/Hrasko/Dropbox/TCC/código/WebAppTeste/TestProject1/bin/Debug/TestProject1.DLL" adapterTypeName="Microsoft.VisualStudio.TestTools.TestTypes.Unit.UnitTestAdapter, Microsoft.VisualStudio.QualityTools.Tips.UnitTest.Adapter, Version=10.0.0.0, Culture=neutral, PublicKeyToken=b03f5f7f11d50a3a" className="DOMSharp.Test.DOMNodeTest, TestProject1, Version=1.0.0.0, Culture=neutral, PublicKeyToken=null" name="mustParseInnerMsg" />
    </UnitTest>
    <UnitTest name="mustParseInnerMsgOfInnerTag" storage="c:\users\hrasko\dropbox\tcc\código\webappteste\testproject1\bin\debug\testproject1.dll" id="f06b4dda-81cc-5b83-58cb-220343386b58">
      <Execution id="6ec0e971-5aaa-41c3-a474-bbbbbc1c0baa" />
      <TestMethod codeBase="C:/Users/Hrasko/Dropbox/TCC/código/WebAppTeste/TestProject1/bin/Debug/TestProject1.DLL" adapterTypeName="Microsoft.VisualStudio.TestTools.TestTypes.Unit.UnitTestAdapter, Microsoft.VisualStudio.QualityTools.Tips.UnitTest.Adapter, Version=10.0.0.0, Culture=neutral, PublicKeyToken=b03f5f7f11d50a3a" className="DOMSharp.Test.DOMNodeTest, TestProject1, Version=1.0.0.0, Culture=neutral, PublicKeyToken=null" name="mustParseInnerMsgOfInnerTag" />
    </UnitTest>
    <UnitTest name="mustParseNodeName" storage="c:\users\hrasko\dropbox\tcc\código\webappteste\testproject1\bin\debug\testproject1.dll" id="b5b2f11c-8613-93a5-3243-fb414ac9b971">
      <Execution id="67d1f444-8226-47b6-a4d3-9e383784c8f9" />
      <TestMethod codeBase="C:/Users/Hrasko/Dropbox/TCC/código/WebAppTeste/TestProject1/bin/Debug/TestProject1.DLL" adapterTypeName="Microsoft.VisualStudio.TestTools.TestTypes.Unit.UnitTestAdapter, Microsoft.VisualStudio.QualityTools.Tips.UnitTest.Adapter, Version=10.0.0.0, Culture=neutral, PublicKeyToken=b03f5f7f11d50a3a" className="DOMSharp.Test.DOMNodeTest, TestProject1, Version=1.0.0.0, Culture=neutral, PublicKeyToken=null" name="mustParseNodeName" />
    </UnitTest>
    <UnitTest name="mustParseAttributeSeparated" storage="c:\users\hrasko\dropbox\tcc\código\webappteste\testproject1\bin\debug\testproject1.dll" id="12f6e71d-d2a6-98bd-f14d-0ed94577102f">
      <Execution id="b810f1c2-4498-4b86-a7c0-ca4d231236da" />
      <TestMethod codeBase="C:/Users/Hrasko/Dropbox/TCC/código/WebAppTeste/TestProject1/bin/Debug/TestProject1.DLL" adapterTypeName="Microsoft.VisualStudio.TestTools.TestTypes.Unit.UnitTestAdapter, Microsoft.VisualStudio.QualityTools.Tips.UnitTest.Adapter, Version=10.0.0.0, Culture=neutral, PublicKeyToken=b03f5f7f11d50a3a" className="DOMSharp.Test.DOMNodeTest, TestProject1, Version=1.0.0.0, Culture=neutral, PublicKeyToken=null" name="mustParseAttributeSeparated" />
    </UnitTest>
    <UnitTest name="mustParseAttributeValue" storage="c:\users\hrasko\dropbox\tcc\código\webappteste\testproject1\bin\debug\testproject1.dll" id="37b27471-71ea-9410-8d6f-df828773e50b">
      <Execution id="1c804e2c-6bdc-4adc-b215-3d54eb5c0d8a" />
      <TestMethod codeBase="C:/Users/Hrasko/Dropbox/TCC/código/WebAppTeste/TestProject1/bin/Debug/TestProject1.DLL" adapterTypeName="Microsoft.VisualStudio.TestTools.TestTypes.Unit.UnitTestAdapter, Microsoft.VisualStudio.QualityTools.Tips.UnitTest.Adapter, Version=10.0.0.0, Culture=neutral, PublicKeyToken=b03f5f7f11d50a3a" className="DOMSharp.Test.DOMNodeTest, TestProject1, Version=1.0.0.0, Culture=neutral, PublicKeyToken=null" name="mustParseAttributeValue" />
    </UnitTest>
    <UnitTest name="mustParseAttributeName" storage="c:\users\hrasko\dropbox\tcc\código\webappteste\testproject1\bin\debug\testproject1.dll" id="2698a66e-1ba5-f4ac-d25d-e461e018a3c4">
      <Execution id="baece6a0-a73f-4bba-8627-1cd512831023" />
      <TestMethod codeBase="C:/Users/Hrasko/Dropbox/TCC/código/WebAppTeste/TestProject1/bin/Debug/TestProject1.DLL" adapterTypeName="Microsoft.VisualStudio.TestTools.TestTypes.Unit.UnitTestAdapter, Microsoft.VisualStudio.QualityTools.Tips.UnitTest.Adapter, Version=10.0.0.0, Culture=neutral, PublicKeyToken=b03f5f7f11d50a3a" className="DOMSharp.Test.DOMNodeTest, TestProject1, Version=1.0.0.0, Culture=neutral, PublicKeyToken=null" name="mustParseAttributeName" />
    </UnitTest>
  </TestDefinitions>
  <TestLists>
    <TestList name="Results Not in a List" id="8c84fa94-04c1-424b-9868-57a2d4851a1d" />
    <TestList name="All Loaded Results" id="19431567-8539-422a-85d7-44ee4e166bda" />
  </TestLists>
  <TestEntries>
    <TestEntry testId="106319c2-9ec8-7be2-5598-8c7d4fed9d93" executionId="04d1fa4b-82de-44d4-9342-eeb9037f412a" testListId="8c84fa94-04c1-424b-9868-57a2d4851a1d" />
    <TestEntry testId="12f6e71d-d2a6-98bd-f14d-0ed94577102f" executionId="b810f1c2-4498-4b86-a7c0-ca4d231236da" testListId="8c84fa94-04c1-424b-9868-57a2d4851a1d" />
    <TestEntry testId="26125b13-5dce-5432-cc3c-c7a905fcdc6d" executionId="0cbd5bb8-4aae-437e-80c3-77672d436187" testListId="8c84fa94-04c1-424b-9868-57a2d4851a1d" />
    <TestEntry testId="2698a66e-1ba5-f4ac-d25d-e461e018a3c4" executionId="baece6a0-a73f-4bba-8627-1cd512831023" testListId="8c84fa94-04c1-424b-9868-57a2d4851a1d" />
    <TestEntry testId="37b27471-71ea-9410-8d6f-df828773e50b" executionId="1c804e2c-6bdc-4adc-b215-3d54eb5c0d8a" testListId="8c84fa94-04c1-424b-9868-57a2d4851a1d" />
    <TestEntry testId="56148666-c14d-e740-db16-5e65c1095d96" executionId="eb3eaced-81ab-4e51-a1be-e99f0aa0c634" testListId="8c84fa94-04c1-424b-9868-57a2d4851a1d" />
    <TestEntry testId="ab327957-62d9-7d7d-7b45-25fbf8a9d34d" executionId="6852cf03-a513-4c99-a696-344e86442b0b" testListId="8c84fa94-04c1-424b-9868-57a2d4851a1d" />
    <TestEntry testId="ae84655b-3414-0878-b5a2-71f2dd1984c4" executionId="f9b6caed-3f4c-4859-881f-e83883c0ccb1" testListId="8c84fa94-04c1-424b-9868-57a2d4851a1d" />
    <TestEntry testId="b5b2f11c-8613-93a5-3243-fb414ac9b971" executionId="67d1f444-8226-47b6-a4d3-9e383784c8f9" testListId="8c84fa94-04c1-424b-9868-57a2d4851a1d" />
    <TestEntry testId="bed3137b-3b3d-9cff-6927-ad87a660b6f2" executionId="3ecf4496-4cb6-4b25-8e1a-0ed53ab8d09e" testListId="8c84fa94-04c1-424b-9868-57a2d4851a1d" />
    <TestEntry testId="f06b4dda-81cc-5b83-58cb-220343386b58" executionId="6ec0e971-5aaa-41c3-a474-bbbbbc1c0baa" testListId="8c84fa94-04c1-424b-9868-57a2d4851a1d" />
  </TestEntries>
  <Results>
    <UnitTestResult executionId="04d1fa4b-82de-44d4-9342-eeb9037f412a" testId="106319c2-9ec8-7be2-5598-8c7d4fed9d93" testName="mustParseInnerMsg" computerName="HRASKO-NOTE" duration="00:00:00.0208357" startTime="2011-12-04T19:31:20.4976675-02:00" endTime="2011-12-04T19:31:22.1437617-02:00" testType="13cdc9d9-ddb5-4fa4-a97d-d965ccfc6d4b" outcome="Passed" testListId="8c84fa94-04c1-424b-9868-57a2d4851a1d" relativeResultsDirectory="04d1fa4b-82de-44d4-9342-eeb9037f412a">
    </UnitTestResult>
    <UnitTestResult executionId="b810f1c2-4498-4b86-a7c0-ca4d231236da" testId="12f6e71d-d2a6-98bd-f14d-0ed94577102f" testName="mustParseAttributeSeparated" computerName="HRASKO-NOTE" duration="00:00:00.0006123" startTime="2011-12-04T19:31:22.1567624-02:00" endTime="2011-12-04T19:31:22.1707632-02:00" testType="13cdc9d9-ddb5-4fa4-a97d-d965ccfc6d4b" outcome="Passed" testListId="8c84fa94-04c1-424b-9868-57a2d4851a1d" relativeResultsDirectory="b810f1c2-4498-4b86-a7c0-ca4d231236da">
    </UnitTestResult>
    <UnitTestResult executionId="0cbd5bb8-4aae-437e-80c3-77672d436187" testId="26125b13-5dce-5432-cc3c-c7a905fcdc6d" testName="AgenteMovimentacaoYQLLeXML" computerName="HRASKO-NOTE" duration="00:00:39.5742636" startTime="2011-12-04T19:31:22.1867641-02:00" endTime="2011-12-04T19:32:01.7610277-02:00" testType="13cdc9d9-ddb5-4fa4-a97d-d965ccfc6d4b" outcome="Aborted" testListId="8c84fa94-04c1-424b-9868-57a2d4851a1d" relativeResultsDirectory="0cbd5bb8-4aae-437e-80c3-77672d436187">
    </UnitTestResult>
    <UnitTestResult executionId="baece6a0-a73f-4bba-8627-1cd512831023" testId="2698a66e-1ba5-f4ac-d25d-e461e018a3c4" testName="mustParseAttributeName" computerName="HRASKO-NOTE" testType="13cdc9d9-ddb5-4fa4-a97d-d965ccfc6d4b" outcome="NotExecuted" testListId="8c84fa94-04c1-424b-9868-57a2d4851a1d" relativeResultsDirectory="baece6a0-a73f-4bba-8627-1cd512831023">
    </UnitTestResult>
    <UnitTestResult executionId="1c804e2c-6bdc-4adc-b215-3d54eb5c0d8a" testId="37b27471-71ea-9410-8d6f-df828773e50b" testName="mustParseAttributeValue" computerName="HRASKO-NOTE" testType="13cdc9d9-ddb5-4fa4-a97d-d965ccfc6d4b" outcome="NotExecuted" testListId="8c84fa94-04c1-424b-9868-57a2d4851a1d" relativeResultsDirectory="1c804e2c-6bdc-4adc-b215-3d54eb5c0d8a">
    </UnitTestResult>
    <UnitTestResult executionId="eb3eaced-81ab-4e51-a1be-e99f0aa0c634" testId="56148666-c14d-e740-db16-5e65c1095d96" testName="mustParseInnerMsgOfSecondTag" computerName="HRASKO-NOTE" testType="13cdc9d9-ddb5-4fa4-a97d-d965ccfc6d4b" outcome="NotExecuted" testListId="8c84fa94-04c1-424b-9868-57a2d4851a1d" relativeResultsDirectory="eb3eaced-81ab-4e51-a1be-e99f0aa0c634">
    </UnitTestResult>
    <UnitTestResult executionId="6852cf03-a513-4c99-a696-344e86442b0b" testId="ab327957-62d9-7d7d-7b45-25fbf8a9d34d" testName="mustParseInnerMsgWithInnerTag" computerName="HRASKO-NOTE" testType="13cdc9d9-ddb5-4fa4-a97d-d965ccfc6d4b" outcome="NotExecuted" testListId="8c84fa94-04c1-424b-9868-57a2d4851a1d" relativeResultsDirectory="6852cf03-a513-4c99-a696-344e86442b0b">
    </UnitTestResult>
    <UnitTestResult executionId="f9b6caed-3f4c-4859-881f-e83883c0ccb1" testId="ae84655b-3414-0878-b5a2-71f2dd1984c4" testName="mustParseInnerMsgOfThirdLevelTag" computerName="HRASKO-NOTE" testType="13cdc9d9-ddb5-4fa4-a97d-d965ccfc6d4b" outcome="NotExecuted" testListId="8c84fa94-04c1-424b-9868-57a2d4851a1d" relativeResultsDirectory="f9b6caed-3f4c-4859-881f-e83883c0ccb1">
    </UnitTestResult>
    <UnitTestResult executionId="67d1f444-8226-47b6-a4d3-9e383784c8f9" testId="b5b2f11c-8613-93a5-3243-fb414ac9b971" testName="mustParseNodeName" computerName="HRASKO-NOTE" testType="13cdc9d9-ddb5-4fa4-a97d-d965ccfc6d4b" outcome="NotExecuted" testListId="8c84fa94-04c1-424b-9868-57a2d4851a1d" relativeResultsDirectory="67d1f444-8226-47b6-a4d3-9e383784c8f9">
    </UnitTestResult>
    <UnitTestResult executionId="3ecf4496-4cb6-4b25-8e1a-0ed53ab8d09e" testId="bed3137b-3b3d-9cff-6927-ad87a660b6f2" testName="mustParseInnerMsgOfThirdLevelSecondTag" computerName="HRASKO-NOTE" testType="13cdc9d9-ddb5-4fa4-a97d-d965ccfc6d4b" outcome="NotExecuted" testListId="8c84fa94-04c1-424b-9868-57a2d4851a1d" relativeResultsDirectory="3ecf4496-4cb6-4b25-8e1a-0ed53ab8d09e">
    </UnitTestResult>
    <UnitTestResult executionId="6ec0e971-5aaa-41c3-a474-bbbbbc1c0baa" testId="f06b4dda-81cc-5b83-58cb-220343386b58" testName="mustParseInnerMsgOfInnerTag" computerName="HRASKO-NOTE" testType="13cdc9d9-ddb5-4fa4-a97d-d965ccfc6d4b" outcome="NotExecuted" testListId="8c84fa94-04c1-424b-9868-57a2d4851a1d" relativeResultsDirectory="6ec0e971-5aaa-41c3-a474-bbbbbc1c0baa">
    </UnitTestResult>
  </Results>
</TestRun>