<?xml version="1.0" encoding="UTF-8"?>
<TestRun id="5c2dfda5-93a5-462f-bc2f-d1dd31f672a1" name="Hrasko@HRASKO-NOTE 2011-12-04 18:10:08" runUser="Hrasko-Note\Hrasko" xmlns="http://microsoft.com/schemas/VisualStudio/TeamTest/2010">
  <TestSettings name="Local" id="dc200b77-088d-4b24-b6dd-686920d0151f">
    <Description>These are default test settings for a local test run.</Description>
    <Deployment enabled="false" runDeploymentRoot="Hrasko_HRASKO-NOTE 2011-12-04 18_10_08">
      <DeploymentItem filename="C:\Users\Hrasko\Dropbox\TCC\código\WebAppTeste\WebAppTeste\bin\WebAppTeste.dll" />
    </Deployment>
    <Execution>
      <TestTypeSpecific />
      <AgentRule name="Execution Agents">
      </AgentRule>
    </Execution>
  </TestSettings>
  <Times creation="2011-12-04T18:10:08.8820271-02:00" queuing="2011-12-04T18:10:10.4751182-02:00" start="2011-12-04T18:10:10.6321272-02:00" finish="2011-12-04T18:15:42.6891197-02:00" />
  <ResultSummary outcome="Error">
    <Counters total="11" executed="3" passed="2" error="0" failed="0" timeout="0" aborted="1" inconclusive="0" passedButRunAborted="0" notRunnable="0" notExecuted="8" disconnected="0" warning="0" completed="0" inProgress="0" pending="0" />
    <RunInfos>
      <RunInfo computerName="HRASKO-NOTE" outcome="Error" timestamp="2011-12-04T18:15:42.6791192-02:00">
        <Text>Test host process exited unexpectedly.</Text>
      </RunInfo>
    </RunInfos>
  </ResultSummary>
  <TestDefinitions>
    <UnitTest name="mustParseInnerMsgOfThirdLevelTag" storage="c:\users\hrasko\dropbox\tcc\código\webappteste\testproject1\bin\debug\testproject1.dll" id="ae84655b-3414-0878-b5a2-71f2dd1984c4">
      <Execution id="2ccd22fa-096d-4692-b4c4-c05dd49f09c6" />
      <TestMethod codeBase="C:/Users/Hrasko/Dropbox/TCC/código/WebAppTeste/TestProject1/bin/Debug/TestProject1.DLL" adapterTypeName="Microsoft.VisualStudio.TestTools.TestTypes.Unit.UnitTestAdapter, Microsoft.VisualStudio.QualityTools.Tips.UnitTest.Adapter, Version=10.0.0.0, Culture=neutral, PublicKeyToken=b03f5f7f11d50a3a" className="DOMSharp.Test.DOMNodeTest, TestProject1, Version=1.0.0.0, Culture=neutral, PublicKeyToken=null" name="mustParseInnerMsgOfThirdLevelTag" />
    </UnitTest>
    <UnitTest name="AgenteMovimentacaoYQLLeXML" storage="c:\users\hrasko\dropbox\tcc\código\webappteste\testproject1\bin\debug\testproject1.dll" id="26125b13-5dce-5432-cc3c-c7a905fcdc6d">
      <Execution id="3a315720-4d72-4a7b-af97-51a6288bbdcf" />
      <TestMethod codeBase="C:/Users/Hrasko/Dropbox/TCC/código/WebAppTeste/TestProject1/bin/Debug/TestProject1.DLL" adapterTypeName="Microsoft.VisualStudio.TestTools.TestTypes.Unit.UnitTestAdapter, Microsoft.VisualStudio.QualityTools.Tips.UnitTest.Adapter, Version=10.0.0.0, Culture=neutral, PublicKeyToken=b03f5f7f11d50a3a" className="TestProject1.UnitTest1, TestProject1, Version=1.0.0.0, Culture=neutral, PublicKeyToken=null" name="AgenteMovimentacaoYQLLeXML" />
    </UnitTest>
    <UnitTest name="mustParseInnerMsgWithInnerTag" storage="c:\users\hrasko\dropbox\tcc\código\webappteste\testproject1\bin\debug\testproject1.dll" id="ab327957-62d9-7d7d-7b45-25fbf8a9d34d">
      <Execution id="88c414ba-9956-4093-a5c7-355d01a7c04a" />
      <TestMethod codeBase="C:/Users/Hrasko/Dropbox/TCC/código/WebAppTeste/TestProject1/bin/Debug/TestProject1.DLL" adapterTypeName="Microsoft.VisualStudio.TestTools.TestTypes.Unit.UnitTestAdapter, Microsoft.VisualStudio.QualityTools.Tips.UnitTest.Adapter, Version=10.0.0.0, Culture=neutral, PublicKeyToken=b03f5f7f11d50a3a" className="DOMSharp.Test.DOMNodeTest, TestProject1, Version=1.0.0.0, Culture=neutral, PublicKeyToken=null" name="mustParseInnerMsgWithInnerTag" />
    </UnitTest>
    <UnitTest name="mustParseInnerMsgOfThirdLevelSecondTag" storage="c:\users\hrasko\dropbox\tcc\código\webappteste\testproject1\bin\debug\testproject1.dll" id="bed3137b-3b3d-9cff-6927-ad87a660b6f2">
      <Execution id="1e1449da-f7f8-4490-ac68-1f041805f9b1" />
      <TestMethod codeBase="C:/Users/Hrasko/Dropbox/TCC/código/WebAppTeste/TestProject1/bin/Debug/TestProject1.DLL" adapterTypeName="Microsoft.VisualStudio.TestTools.TestTypes.Unit.UnitTestAdapter, Microsoft.VisualStudio.QualityTools.Tips.UnitTest.Adapter, Version=10.0.0.0, Culture=neutral, PublicKeyToken=b03f5f7f11d50a3a" className="DOMSharp.Test.DOMNodeTest, TestProject1, Version=1.0.0.0, Culture=neutral, PublicKeyToken=null" name="mustParseInnerMsgOfThirdLevelSecondTag" />
    </UnitTest>
    <UnitTest name="mustParseInnerMsgOfSecondTag" storage="c:\users\hrasko\dropbox\tcc\código\webappteste\testproject1\bin\debug\testproject1.dll" id="56148666-c14d-e740-db16-5e65c1095d96">
      <Execution id="9200c30a-f319-4ddc-b31b-a22e2af20996" />
      <TestMethod codeBase="C:/Users/Hrasko/Dropbox/TCC/código/WebAppTeste/TestProject1/bin/Debug/TestProject1.DLL" adapterTypeName="Microsoft.VisualStudio.TestTools.TestTypes.Unit.UnitTestAdapter, Microsoft.VisualStudio.QualityTools.Tips.UnitTest.Adapter, Version=10.0.0.0, Culture=neutral, PublicKeyToken=b03f5f7f11d50a3a" className="DOMSharp.Test.DOMNodeTest, TestProject1, Version=1.0.0.0, Culture=neutral, PublicKeyToken=null" name="mustParseInnerMsgOfSecondTag" />
    </UnitTest>
    <UnitTest name="mustParseInnerMsg" storage="c:\users\hrasko\dropbox\tcc\código\webappteste\testproject1\bin\debug\testproject1.dll" id="106319c2-9ec8-7be2-5598-8c7d4fed9d93">
      <Execution id="fa70c8d5-1288-4778-9f95-34caa3a5288e" />
      <TestMethod codeBase="C:/Users/Hrasko/Dropbox/TCC/código/WebAppTeste/TestProject1/bin/Debug/TestProject1.DLL" adapterTypeName="Microsoft.VisualStudio.TestTools.TestTypes.Unit.UnitTestAdapter, Microsoft.VisualStudio.QualityTools.Tips.UnitTest.Adapter, Version=10.0.0.0, Culture=neutral, PublicKeyToken=b03f5f7f11d50a3a" className="DOMSharp.Test.DOMNodeTest, TestProject1, Version=1.0.0.0, Culture=neutral, PublicKeyToken=null" name="mustParseInnerMsg" />
    </UnitTest>
    <UnitTest name="mustParseInnerMsgOfInnerTag" storage="c:\users\hrasko\dropbox\tcc\código\webappteste\testproject1\bin\debug\testproject1.dll" id="f06b4dda-81cc-5b83-58cb-220343386b58">
      <Execution id="d8b3839e-427f-434c-aa64-bd1a6b21895a" />
      <TestMethod codeBase="C:/Users/Hrasko/Dropbox/TCC/código/WebAppTeste/TestProject1/bin/Debug/TestProject1.DLL" adapterTypeName="Microsoft.VisualStudio.TestTools.TestTypes.Unit.UnitTestAdapter, Microsoft.VisualStudio.QualityTools.Tips.UnitTest.Adapter, Version=10.0.0.0, Culture=neutral, PublicKeyToken=b03f5f7f11d50a3a" className="DOMSharp.Test.DOMNodeTest, TestProject1, Version=1.0.0.0, Culture=neutral, PublicKeyToken=null" name="mustParseInnerMsgOfInnerTag" />
    </UnitTest>
    <UnitTest name="mustParseNodeName" storage="c:\users\hrasko\dropbox\tcc\código\webappteste\testproject1\bin\debug\testproject1.dll" id="b5b2f11c-8613-93a5-3243-fb414ac9b971">
      <Execution id="4b04f55a-88de-42fb-a9b6-d29c52a028e9" />
      <TestMethod codeBase="C:/Users/Hrasko/Dropbox/TCC/código/WebAppTeste/TestProject1/bin/Debug/TestProject1.DLL" adapterTypeName="Microsoft.VisualStudio.TestTools.TestTypes.Unit.UnitTestAdapter, Microsoft.VisualStudio.QualityTools.Tips.UnitTest.Adapter, Version=10.0.0.0, Culture=neutral, PublicKeyToken=b03f5f7f11d50a3a" className="DOMSharp.Test.DOMNodeTest, TestProject1, Version=1.0.0.0, Culture=neutral, PublicKeyToken=null" name="mustParseNodeName" />
    </UnitTest>
    <UnitTest name="mustParseAttributeSeparated" storage="c:\users\hrasko\dropbox\tcc\código\webappteste\testproject1\bin\debug\testproject1.dll" id="12f6e71d-d2a6-98bd-f14d-0ed94577102f">
      <Execution id="0e6e9b2a-6ae6-4133-abc7-37433a91113c" />
      <TestMethod codeBase="C:/Users/Hrasko/Dropbox/TCC/código/WebAppTeste/TestProject1/bin/Debug/TestProject1.DLL" adapterTypeName="Microsoft.VisualStudio.TestTools.TestTypes.Unit.UnitTestAdapter, Microsoft.VisualStudio.QualityTools.Tips.UnitTest.Adapter, Version=10.0.0.0, Culture=neutral, PublicKeyToken=b03f5f7f11d50a3a" className="DOMSharp.Test.DOMNodeTest, TestProject1, Version=1.0.0.0, Culture=neutral, PublicKeyToken=null" name="mustParseAttributeSeparated" />
    </UnitTest>
    <UnitTest name="mustParseAttributeValue" storage="c:\users\hrasko\dropbox\tcc\código\webappteste\testproject1\bin\debug\testproject1.dll" id="37b27471-71ea-9410-8d6f-df828773e50b">
      <Execution id="f408daa5-8a7f-4e8c-bfa1-5d778747f757" />
      <TestMethod codeBase="C:/Users/Hrasko/Dropbox/TCC/código/WebAppTeste/TestProject1/bin/Debug/TestProject1.DLL" adapterTypeName="Microsoft.VisualStudio.TestTools.TestTypes.Unit.UnitTestAdapter, Microsoft.VisualStudio.QualityTools.Tips.UnitTest.Adapter, Version=10.0.0.0, Culture=neutral, PublicKeyToken=b03f5f7f11d50a3a" className="DOMSharp.Test.DOMNodeTest, TestProject1, Version=1.0.0.0, Culture=neutral, PublicKeyToken=null" name="mustParseAttributeValue" />
    </UnitTest>
    <UnitTest name="mustParseAttributeName" storage="c:\users\hrasko\dropbox\tcc\código\webappteste\testproject1\bin\debug\testproject1.dll" id="2698a66e-1ba5-f4ac-d25d-e461e018a3c4">
      <Execution id="c1da7a6d-ca74-4b44-9905-a48fe11c4a78" />
      <TestMethod codeBase="C:/Users/Hrasko/Dropbox/TCC/código/WebAppTeste/TestProject1/bin/Debug/TestProject1.DLL" adapterTypeName="Microsoft.VisualStudio.TestTools.TestTypes.Unit.UnitTestAdapter, Microsoft.VisualStudio.QualityTools.Tips.UnitTest.Adapter, Version=10.0.0.0, Culture=neutral, PublicKeyToken=b03f5f7f11d50a3a" className="DOMSharp.Test.DOMNodeTest, TestProject1, Version=1.0.0.0, Culture=neutral, PublicKeyToken=null" name="mustParseAttributeName" />
    </UnitTest>
  </TestDefinitions>
  <TestLists>
    <TestList name="Results Not in a List" id="8c84fa94-04c1-424b-9868-57a2d4851a1d" />
    <TestList name="All Loaded Results" id="19431567-8539-422a-85d7-44ee4e166bda" />
  </TestLists>
  <TestEntries>
    <TestEntry testId="106319c2-9ec8-7be2-5598-8c7d4fed9d93" executionId="fa70c8d5-1288-4778-9f95-34caa3a5288e" testListId="8c84fa94-04c1-424b-9868-57a2d4851a1d" />
    <TestEntry testId="12f6e71d-d2a6-98bd-f14d-0ed94577102f" executionId="0e6e9b2a-6ae6-4133-abc7-37433a91113c" testListId="8c84fa94-04c1-424b-9868-57a2d4851a1d" />
    <TestEntry testId="26125b13-5dce-5432-cc3c-c7a905fcdc6d" executionId="3a315720-4d72-4a7b-af97-51a6288bbdcf" testListId="8c84fa94-04c1-424b-9868-57a2d4851a1d" />
    <TestEntry testId="2698a66e-1ba5-f4ac-d25d-e461e018a3c4" executionId="c1da7a6d-ca74-4b44-9905-a48fe11c4a78" testListId="8c84fa94-04c1-424b-9868-57a2d4851a1d" />
    <TestEntry testId="37b27471-71ea-9410-8d6f-df828773e50b" executionId="f408daa5-8a7f-4e8c-bfa1-5d778747f757" testListId="8c84fa94-04c1-424b-9868-57a2d4851a1d" />
    <TestEntry testId="56148666-c14d-e740-db16-5e65c1095d96" executionId="9200c30a-f319-4ddc-b31b-a22e2af20996" testListId="8c84fa94-04c1-424b-9868-57a2d4851a1d" />
    <TestEntry testId="ab327957-62d9-7d7d-7b45-25fbf8a9d34d" executionId="88c414ba-9956-4093-a5c7-355d01a7c04a" testListId="8c84fa94-04c1-424b-9868-57a2d4851a1d" />
    <TestEntry testId="ae84655b-3414-0878-b5a2-71f2dd1984c4" executionId="2ccd22fa-096d-4692-b4c4-c05dd49f09c6" testListId="8c84fa94-04c1-424b-9868-57a2d4851a1d" />
    <TestEntry testId="b5b2f11c-8613-93a5-3243-fb414ac9b971" executionId="4b04f55a-88de-42fb-a9b6-d29c52a028e9" testListId="8c84fa94-04c1-424b-9868-57a2d4851a1d" />
    <TestEntry testId="bed3137b-3b3d-9cff-6927-ad87a660b6f2" executionId="1e1449da-f7f8-4490-ac68-1f041805f9b1" testListId="8c84fa94-04c1-424b-9868-57a2d4851a1d" />
    <TestEntry testId="f06b4dda-81cc-5b83-58cb-220343386b58" executionId="d8b3839e-427f-434c-aa64-bd1a6b21895a" testListId="8c84fa94-04c1-424b-9868-57a2d4851a1d" />
  </TestEntries>
  <Results>
    <UnitTestResult executionId="fa70c8d5-1288-4778-9f95-34caa3a5288e" testId="106319c2-9ec8-7be2-5598-8c7d4fed9d93" testName="mustParseInnerMsg" computerName="HRASKO-NOTE" duration="00:00:00.2036270" startTime="2011-12-04T18:10:10.8091373-02:00" endTime="2011-12-04T18:10:12.6532428-02:00" testType="13cdc9d9-ddb5-4fa4-a97d-d965ccfc6d4b" outcome="Passed" testListId="8c84fa94-04c1-424b-9868-57a2d4851a1d" relativeResultsDirectory="fa70c8d5-1288-4778-9f95-34caa3a5288e">
    </UnitTestResult>
    <UnitTestResult executionId="0e6e9b2a-6ae6-4133-abc7-37433a91113c" testId="12f6e71d-d2a6-98bd-f14d-0ed94577102f" testName="mustParseAttributeSeparated" computerName="HRASKO-NOTE" duration="00:00:00.0009317" startTime="2011-12-04T18:10:12.6672436-02:00" endTime="2011-12-04T18:10:12.6872447-02:00" testType="13cdc9d9-ddb5-4fa4-a97d-d965ccfc6d4b" outcome="Passed" testListId="8c84fa94-04c1-424b-9868-57a2d4851a1d" relativeResultsDirectory="0e6e9b2a-6ae6-4133-abc7-37433a91113c">
    </UnitTestResult>
    <UnitTestResult executionId="3a315720-4d72-4a7b-af97-51a6288bbdcf" testId="26125b13-5dce-5432-cc3c-c7a905fcdc6d" testName="AgenteMovimentacaoYQLLeXML" computerName="HRASKO-NOTE" duration="00:05:29.9808738" startTime="2011-12-04T18:10:12.7002455-02:00" endTime="2011-12-04T18:15:42.6811193-02:00" testType="13cdc9d9-ddb5-4fa4-a97d-d965ccfc6d4b" outcome="Aborted" testListId="8c84fa94-04c1-424b-9868-57a2d4851a1d" relativeResultsDirectory="3a315720-4d72-4a7b-af97-51a6288bbdcf">
    </UnitTestResult>
    <UnitTestResult executionId="c1da7a6d-ca74-4b44-9905-a48fe11c4a78" testId="2698a66e-1ba5-f4ac-d25d-e461e018a3c4" testName="mustParseAttributeName" computerName="HRASKO-NOTE" testType="13cdc9d9-ddb5-4fa4-a97d-d965ccfc6d4b" outcome="NotExecuted" testListId="8c84fa94-04c1-424b-9868-57a2d4851a1d" relativeResultsDirectory="c1da7a6d-ca74-4b44-9905-a48fe11c4a78">
    </UnitTestResult>
    <UnitTestResult executionId="f408daa5-8a7f-4e8c-bfa1-5d778747f757" testId="37b27471-71ea-9410-8d6f-df828773e50b" testName="mustParseAttributeValue" computerName="HRASKO-NOTE" testType="13cdc9d9-ddb5-4fa4-a97d-d965ccfc6d4b" outcome="NotExecuted" testListId="8c84fa94-04c1-424b-9868-57a2d4851a1d" relativeResultsDirectory="f408daa5-8a7f-4e8c-bfa1-5d778747f757">
    </UnitTestResult>
    <UnitTestResult executionId="9200c30a-f319-4ddc-b31b-a22e2af20996" testId="56148666-c14d-e740-db16-5e65c1095d96" testName="mustParseInnerMsgOfSecondTag" computerName="HRASKO-NOTE" testType="13cdc9d9-ddb5-4fa4-a97d-d965ccfc6d4b" outcome="NotExecuted" testListId="8c84fa94-04c1-424b-9868-57a2d4851a1d" relativeResultsDirectory="9200c30a-f319-4ddc-b31b-a22e2af20996">
    </UnitTestResult>
    <UnitTestResult executionId="88c414ba-9956-4093-a5c7-355d01a7c04a" testId="ab327957-62d9-7d7d-7b45-25fbf8a9d34d" testName="mustParseInnerMsgWithInnerTag" computerName="HRASKO-NOTE" testType="13cdc9d9-ddb5-4fa4-a97d-d965ccfc6d4b" outcome="NotExecuted" testListId="8c84fa94-04c1-424b-9868-57a2d4851a1d" relativeResultsDirectory="88c414ba-9956-4093-a5c7-355d01a7c04a">
    </UnitTestResult>
    <UnitTestResult executionId="2ccd22fa-096d-4692-b4c4-c05dd49f09c6" testId="ae84655b-3414-0878-b5a2-71f2dd1984c4" testName="mustParseInnerMsgOfThirdLevelTag" computerName="HRASKO-NOTE" testType="13cdc9d9-ddb5-4fa4-a97d-d965ccfc6d4b" outcome="NotExecuted" testListId="8c84fa94-04c1-424b-9868-57a2d4851a1d" relativeResultsDirectory="2ccd22fa-096d-4692-b4c4-c05dd49f09c6">
    </UnitTestResult>
    <UnitTestResult executionId="4b04f55a-88de-42fb-a9b6-d29c52a028e9" testId="b5b2f11c-8613-93a5-3243-fb414ac9b971" testName="mustParseNodeName" computerName="HRASKO-NOTE" testType="13cdc9d9-ddb5-4fa4-a97d-d965ccfc6d4b" outcome="NotExecuted" testListId="8c84fa94-04c1-424b-9868-57a2d4851a1d" relativeResultsDirectory="4b04f55a-88de-42fb-a9b6-d29c52a028e9">
    </UnitTestResult>
    <UnitTestResult executionId="1e1449da-f7f8-4490-ac68-1f041805f9b1" testId="bed3137b-3b3d-9cff-6927-ad87a660b6f2" testName="mustParseInnerMsgOfThirdLevelSecondTag" computerName="HRASKO-NOTE" testType="13cdc9d9-ddb5-4fa4-a97d-d965ccfc6d4b" outcome="NotExecuted" testListId="8c84fa94-04c1-424b-9868-57a2d4851a1d" relativeResultsDirectory="1e1449da-f7f8-4490-ac68-1f041805f9b1">
    </UnitTestResult>
    <UnitTestResult executionId="d8b3839e-427f-434c-aa64-bd1a6b21895a" testId="f06b4dda-81cc-5b83-58cb-220343386b58" testName="mustParseInnerMsgOfInnerTag" computerName="HRASKO-NOTE" testType="13cdc9d9-ddb5-4fa4-a97d-d965ccfc6d4b" outcome="NotExecuted" testListId="8c84fa94-04c1-424b-9868-57a2d4851a1d" relativeResultsDirectory="d8b3839e-427f-434c-aa64-bd1a6b21895a">
    </UnitTestResult>
  </Results>
</TestRun>