<?xml version="1.0" encoding="UTF-8"?>
<TestRun id="aa6e91ae-6ef7-41e8-b3bd-c56ea0191b68" name="Hrasko@HRASKO-NOTE 2011-12-04 19:29:53" runUser="Hrasko-Note\Hrasko" xmlns="http://microsoft.com/schemas/VisualStudio/TeamTest/2010">
  <TestSettings name="Local" id="dc200b77-088d-4b24-b6dd-686920d0151f">
    <Description>These are default test settings for a local test run.</Description>
    <Deployment enabled="false" runDeploymentRoot="Hrasko_HRASKO-NOTE 2011-12-04 19_29_53">
      <DeploymentItem filename="C:\Users\Hrasko\Dropbox\TCC\código\WebAppTeste\WebAppTeste\bin\WebAppTeste.dll" />
    </Deployment>
    <Execution>
      <TestTypeSpecific />
      <AgentRule name="Execution Agents">
      </AgentRule>
    </Execution>
  </TestSettings>
  <Times creation="2011-12-04T19:29:53.2686783-02:00" queuing="2011-12-04T19:29:55.1687870-02:00" start="2011-12-04T19:29:55.3277961-02:00" finish="2011-12-04T19:30:33.6479879-02:00" />
  <ResultSummary outcome="Error">
    <Counters total="11" executed="3" passed="2" error="0" failed="0" timeout="0" aborted="1" inconclusive="0" passedButRunAborted="0" notRunnable="0" notExecuted="8" disconnected="0" warning="0" completed="0" inProgress="0" pending="0" />
    <RunInfos>
      <RunInfo computerName="HRASKO-NOTE" outcome="Error" timestamp="2011-12-04T19:30:33.6269867-02:00">
        <Text>Test host process exited unexpectedly.</Text>
      </RunInfo>
    </RunInfos>
  </ResultSummary>
  <TestDefinitions>
    <UnitTest name="mustParseInnerMsgOfThirdLevelTag" storage="c:\users\hrasko\dropbox\tcc\código\webappteste\testproject1\bin\debug\testproject1.dll" id="ae84655b-3414-0878-b5a2-71f2dd1984c4">
      <Execution id="82fada96-9426-4828-86e8-8d06ac3599b2" />
      <TestMethod codeBase="C:/Users/Hrasko/Dropbox/TCC/código/WebAppTeste/TestProject1/bin/Debug/TestProject1.DLL" adapterTypeName="Microsoft.VisualStudio.TestTools.TestTypes.Unit.UnitTestAdapter, Microsoft.VisualStudio.QualityTools.Tips.UnitTest.Adapter, Version=10.0.0.0, Culture=neutral, PublicKeyToken=b03f5f7f11d50a3a" className="DOMSharp.Test.DOMNodeTest, TestProject1, Version=1.0.0.0, Culture=neutral, PublicKeyToken=null" name="mustParseInnerMsgOfThirdLevelTag" />
    </UnitTest>
    <UnitTest name="AgenteMovimentacaoYQLLeXML" storage="c:\users\hrasko\dropbox\tcc\código\webappteste\testproject1\bin\debug\testproject1.dll" id="26125b13-5dce-5432-cc3c-c7a905fcdc6d">
      <Execution id="85b06ca4-4b75-4c3a-a4d1-c5c14f5d018f" />
      <TestMethod codeBase="C:/Users/Hrasko/Dropbox/TCC/código/WebAppTeste/TestProject1/bin/Debug/TestProject1.DLL" adapterTypeName="Microsoft.VisualStudio.TestTools.TestTypes.Unit.UnitTestAdapter, Microsoft.VisualStudio.QualityTools.Tips.UnitTest.Adapter, Version=10.0.0.0, Culture=neutral, PublicKeyToken=b03f5f7f11d50a3a" className="TestProject1.UnitTest1, TestProject1, Version=1.0.0.0, Culture=neutral, PublicKeyToken=null" name="AgenteMovimentacaoYQLLeXML" />
    </UnitTest>
    <UnitTest name="mustParseInnerMsgWithInnerTag" storage="c:\users\hrasko\dropbox\tcc\código\webappteste\testproject1\bin\debug\testproject1.dll" id="ab327957-62d9-7d7d-7b45-25fbf8a9d34d">
      <Execution id="3fb66798-8174-4650-93b7-99f10cf798fd" />
      <TestMethod codeBase="C:/Users/Hrasko/Dropbox/TCC/código/WebAppTeste/TestProject1/bin/Debug/TestProject1.DLL" adapterTypeName="Microsoft.VisualStudio.TestTools.TestTypes.Unit.UnitTestAdapter, Microsoft.VisualStudio.QualityTools.Tips.UnitTest.Adapter, Version=10.0.0.0, Culture=neutral, PublicKeyToken=b03f5f7f11d50a3a" className="DOMSharp.Test.DOMNodeTest, TestProject1, Version=1.0.0.0, Culture=neutral, PublicKeyToken=null" name="mustParseInnerMsgWithInnerTag" />
    </UnitTest>
    <UnitTest name="mustParseInnerMsgOfThirdLevelSecondTag" storage="c:\users\hrasko\dropbox\tcc\código\webappteste\testproject1\bin\debug\testproject1.dll" id="bed3137b-3b3d-9cff-6927-ad87a660b6f2">
      <Execution id="04253d9c-5e8e-4702-9245-07e6597d89c1" />
      <TestMethod codeBase="C:/Users/Hrasko/Dropbox/TCC/código/WebAppTeste/TestProject1/bin/Debug/TestProject1.DLL" adapterTypeName="Microsoft.VisualStudio.TestTools.TestTypes.Unit.UnitTestAdapter, Microsoft.VisualStudio.QualityTools.Tips.UnitTest.Adapter, Version=10.0.0.0, Culture=neutral, PublicKeyToken=b03f5f7f11d50a3a" className="DOMSharp.Test.DOMNodeTest, TestProject1, Version=1.0.0.0, Culture=neutral, PublicKeyToken=null" name="mustParseInnerMsgOfThirdLevelSecondTag" />
    </UnitTest>
    <UnitTest name="mustParseInnerMsgOfSecondTag" storage="c:\users\hrasko\dropbox\tcc\código\webappteste\testproject1\bin\debug\testproject1.dll" id="56148666-c14d-e740-db16-5e65c1095d96">
      <Execution id="0c3e56ad-1615-48ea-8b79-a795cca9c3c8" />
      <TestMethod codeBase="C:/Users/Hrasko/Dropbox/TCC/código/WebAppTeste/TestProject1/bin/Debug/TestProject1.DLL" adapterTypeName="Microsoft.VisualStudio.TestTools.TestTypes.Unit.UnitTestAdapter, Microsoft.VisualStudio.QualityTools.Tips.UnitTest.Adapter, Version=10.0.0.0, Culture=neutral, PublicKeyToken=b03f5f7f11d50a3a" className="DOMSharp.Test.DOMNodeTest, TestProject1, Version=1.0.0.0, Culture=neutral, PublicKeyToken=null" name="mustParseInnerMsgOfSecondTag" />
    </UnitTest>
    <UnitTest name="mustParseInnerMsg" storage="c:\users\hrasko\dropbox\tcc\código\webappteste\testproject1\bin\debug\testproject1.dll" id="106319c2-9ec8-7be2-5598-8c7d4fed9d93">
      <Execution id="ac4582dd-9e4d-4954-8aab-fa4b842aa039" />
      <TestMethod codeBase="C:/Users/Hrasko/Dropbox/TCC/código/WebAppTeste/TestProject1/bin/Debug/TestProject1.DLL" adapterTypeName="Microsoft.VisualStudio.TestTools.TestTypes.Unit.UnitTestAdapter, Microsoft.VisualStudio.QualityTools.Tips.UnitTest.Adapter, Version=10.0.0.0, Culture=neutral, PublicKeyToken=b03f5f7f11d50a3a" className="DOMSharp.Test.DOMNodeTest, TestProject1, Version=1.0.0.0, Culture=neutral, PublicKeyToken=null" name="mustParseInnerMsg" />
    </UnitTest>
    <UnitTest name="mustParseInnerMsgOfInnerTag" storage="c:\users\hrasko\dropbox\tcc\código\webappteste\testproject1\bin\debug\testproject1.dll" id="f06b4dda-81cc-5b83-58cb-220343386b58">
      <Execution id="2fe63679-4016-4865-817f-9076c24c8228" />
      <TestMethod codeBase="C:/Users/Hrasko/Dropbox/TCC/código/WebAppTeste/TestProject1/bin/Debug/TestProject1.DLL" adapterTypeName="Microsoft.VisualStudio.TestTools.TestTypes.Unit.UnitTestAdapter, Microsoft.VisualStudio.QualityTools.Tips.UnitTest.Adapter, Version=10.0.0.0, Culture=neutral, PublicKeyToken=b03f5f7f11d50a3a" className="DOMSharp.Test.DOMNodeTest, TestProject1, Version=1.0.0.0, Culture=neutral, PublicKeyToken=null" name="mustParseInnerMsgOfInnerTag" />
    </UnitTest>
    <UnitTest name="mustParseNodeName" storage="c:\users\hrasko\dropbox\tcc\código\webappteste\testproject1\bin\debug\testproject1.dll" id="b5b2f11c-8613-93a5-3243-fb414ac9b971">
      <Execution id="20c6d739-eba5-49d9-b97e-ac7b192f2e87" />
      <TestMethod codeBase="C:/Users/Hrasko/Dropbox/TCC/código/WebAppTeste/TestProject1/bin/Debug/TestProject1.DLL" adapterTypeName="Microsoft.VisualStudio.TestTools.TestTypes.Unit.UnitTestAdapter, Microsoft.VisualStudio.QualityTools.Tips.UnitTest.Adapter, Version=10.0.0.0, Culture=neutral, PublicKeyToken=b03f5f7f11d50a3a" className="DOMSharp.Test.DOMNodeTest, TestProject1, Version=1.0.0.0, Culture=neutral, PublicKeyToken=null" name="mustParseNodeName" />
    </UnitTest>
    <UnitTest name="mustParseAttributeSeparated" storage="c:\users\hrasko\dropbox\tcc\código\webappteste\testproject1\bin\debug\testproject1.dll" id="12f6e71d-d2a6-98bd-f14d-0ed94577102f">
      <Execution id="1b9547dc-f934-4385-949e-74774f887eba" />
      <TestMethod codeBase="C:/Users/Hrasko/Dropbox/TCC/código/WebAppTeste/TestProject1/bin/Debug/TestProject1.DLL" adapterTypeName="Microsoft.VisualStudio.TestTools.TestTypes.Unit.UnitTestAdapter, Microsoft.VisualStudio.QualityTools.Tips.UnitTest.Adapter, Version=10.0.0.0, Culture=neutral, PublicKeyToken=b03f5f7f11d50a3a" className="DOMSharp.Test.DOMNodeTest, TestProject1, Version=1.0.0.0, Culture=neutral, PublicKeyToken=null" name="mustParseAttributeSeparated" />
    </UnitTest>
    <UnitTest name="mustParseAttributeValue" storage="c:\users\hrasko\dropbox\tcc\código\webappteste\testproject1\bin\debug\testproject1.dll" id="37b27471-71ea-9410-8d6f-df828773e50b">
      <Execution id="a437f04f-38bc-44fa-a586-7dd71be71cae" />
      <TestMethod codeBase="C:/Users/Hrasko/Dropbox/TCC/código/WebAppTeste/TestProject1/bin/Debug/TestProject1.DLL" adapterTypeName="Microsoft.VisualStudio.TestTools.TestTypes.Unit.UnitTestAdapter, Microsoft.VisualStudio.QualityTools.Tips.UnitTest.Adapter, Version=10.0.0.0, Culture=neutral, PublicKeyToken=b03f5f7f11d50a3a" className="DOMSharp.Test.DOMNodeTest, TestProject1, Version=1.0.0.0, Culture=neutral, PublicKeyToken=null" name="mustParseAttributeValue" />
    </UnitTest>
    <UnitTest name="mustParseAttributeName" storage="c:\users\hrasko\dropbox\tcc\código\webappteste\testproject1\bin\debug\testproject1.dll" id="2698a66e-1ba5-f4ac-d25d-e461e018a3c4">
      <Execution id="a5d768b7-e2cd-4de4-a169-ef8a152a25c1" />
      <TestMethod codeBase="C:/Users/Hrasko/Dropbox/TCC/código/WebAppTeste/TestProject1/bin/Debug/TestProject1.DLL" adapterTypeName="Microsoft.VisualStudio.TestTools.TestTypes.Unit.UnitTestAdapter, Microsoft.VisualStudio.QualityTools.Tips.UnitTest.Adapter, Version=10.0.0.0, Culture=neutral, PublicKeyToken=b03f5f7f11d50a3a" className="DOMSharp.Test.DOMNodeTest, TestProject1, Version=1.0.0.0, Culture=neutral, PublicKeyToken=null" name="mustParseAttributeName" />
    </UnitTest>
  </TestDefinitions>
  <TestLists>
    <TestList name="Results Not in a List" id="8c84fa94-04c1-424b-9868-57a2d4851a1d" />
    <TestList name="All Loaded Results" id="19431567-8539-422a-85d7-44ee4e166bda" />
  </TestLists>
  <TestEntries>
    <TestEntry testId="106319c2-9ec8-7be2-5598-8c7d4fed9d93" executionId="ac4582dd-9e4d-4954-8aab-fa4b842aa039" testListId="8c84fa94-04c1-424b-9868-57a2d4851a1d" />
    <TestEntry testId="12f6e71d-d2a6-98bd-f14d-0ed94577102f" executionId="1b9547dc-f934-4385-949e-74774f887eba" testListId="8c84fa94-04c1-424b-9868-57a2d4851a1d" />
    <TestEntry testId="26125b13-5dce-5432-cc3c-c7a905fcdc6d" executionId="85b06ca4-4b75-4c3a-a4d1-c5c14f5d018f" testListId="8c84fa94-04c1-424b-9868-57a2d4851a1d" />
    <TestEntry testId="2698a66e-1ba5-f4ac-d25d-e461e018a3c4" executionId="a5d768b7-e2cd-4de4-a169-ef8a152a25c1" testListId="8c84fa94-04c1-424b-9868-57a2d4851a1d" />
    <TestEntry testId="37b27471-71ea-9410-8d6f-df828773e50b" executionId="a437f04f-38bc-44fa-a586-7dd71be71cae" testListId="8c84fa94-04c1-424b-9868-57a2d4851a1d" />
    <TestEntry testId="56148666-c14d-e740-db16-5e65c1095d96" executionId="0c3e56ad-1615-48ea-8b79-a795cca9c3c8" testListId="8c84fa94-04c1-424b-9868-57a2d4851a1d" />
    <TestEntry testId="ab327957-62d9-7d7d-7b45-25fbf8a9d34d" executionId="3fb66798-8174-4650-93b7-99f10cf798fd" testListId="8c84fa94-04c1-424b-9868-57a2d4851a1d" />
    <TestEntry testId="ae84655b-3414-0878-b5a2-71f2dd1984c4" executionId="82fada96-9426-4828-86e8-8d06ac3599b2" testListId="8c84fa94-04c1-424b-9868-57a2d4851a1d" />
    <TestEntry testId="b5b2f11c-8613-93a5-3243-fb414ac9b971" executionId="20c6d739-eba5-49d9-b97e-ac7b192f2e87" testListId="8c84fa94-04c1-424b-9868-57a2d4851a1d" />
    <TestEntry testId="bed3137b-3b3d-9cff-6927-ad87a660b6f2" executionId="04253d9c-5e8e-4702-9245-07e6597d89c1" testListId="8c84fa94-04c1-424b-9868-57a2d4851a1d" />
    <TestEntry testId="f06b4dda-81cc-5b83-58cb-220343386b58" executionId="2fe63679-4016-4865-817f-9076c24c8228" testListId="8c84fa94-04c1-424b-9868-57a2d4851a1d" />
  </TestEntries>
  <Results>
    <UnitTestResult executionId="ac4582dd-9e4d-4954-8aab-fa4b842aa039" testId="106319c2-9ec8-7be2-5598-8c7d4fed9d93" testName="mustParseInnerMsg" computerName="HRASKO-NOTE" duration="00:00:00.0256430" startTime="2011-12-04T19:29:55.5088065-02:00" endTime="2011-12-04T19:29:57.0178928-02:00" testType="13cdc9d9-ddb5-4fa4-a97d-d965ccfc6d4b" outcome="Passed" testListId="8c84fa94-04c1-424b-9868-57a2d4851a1d" relativeResultsDirectory="ac4582dd-9e4d-4954-8aab-fa4b842aa039">
    </UnitTestResult>
    <UnitTestResult executionId="1b9547dc-f934-4385-949e-74774f887eba" testId="12f6e71d-d2a6-98bd-f14d-0ed94577102f" testName="mustParseAttributeSeparated" computerName="HRASKO-NOTE" duration="00:00:00.0005824" startTime="2011-12-04T19:29:57.0448943-02:00" endTime="2011-12-04T19:29:57.0558949-02:00" testType="13cdc9d9-ddb5-4fa4-a97d-d965ccfc6d4b" outcome="Passed" testListId="8c84fa94-04c1-424b-9868-57a2d4851a1d" relativeResultsDirectory="1b9547dc-f934-4385-949e-74774f887eba">
    </UnitTestResult>
    <UnitTestResult executionId="85b06ca4-4b75-4c3a-a4d1-c5c14f5d018f" testId="26125b13-5dce-5432-cc3c-c7a905fcdc6d" testName="AgenteMovimentacaoYQLLeXML" computerName="HRASKO-NOTE" duration="00:00:36.5530908" startTime="2011-12-04T19:29:57.0768961-02:00" endTime="2011-12-04T19:30:33.6299869-02:00" testType="13cdc9d9-ddb5-4fa4-a97d-d965ccfc6d4b" outcome="Aborted" testListId="8c84fa94-04c1-424b-9868-57a2d4851a1d" relativeResultsDirectory="85b06ca4-4b75-4c3a-a4d1-c5c14f5d018f">
    </UnitTestResult>
    <UnitTestResult executionId="a5d768b7-e2cd-4de4-a169-ef8a152a25c1" testId="2698a66e-1ba5-f4ac-d25d-e461e018a3c4" testName="mustParseAttributeName" computerName="HRASKO-NOTE" testType="13cdc9d9-ddb5-4fa4-a97d-d965ccfc6d4b" outcome="NotExecuted" testListId="8c84fa94-04c1-424b-9868-57a2d4851a1d" relativeResultsDirectory="a5d768b7-e2cd-4de4-a169-ef8a152a25c1">
    </UnitTestResult>
    <UnitTestResult executionId="a437f04f-38bc-44fa-a586-7dd71be71cae" testId="37b27471-71ea-9410-8d6f-df828773e50b" testName="mustParseAttributeValue" computerName="HRASKO-NOTE" testType="13cdc9d9-ddb5-4fa4-a97d-d965ccfc6d4b" outcome="NotExecuted" testListId="8c84fa94-04c1-424b-9868-57a2d4851a1d" relativeResultsDirectory="a437f04f-38bc-44fa-a586-7dd71be71cae">
    </UnitTestResult>
    <UnitTestResult executionId="0c3e56ad-1615-48ea-8b79-a795cca9c3c8" testId="56148666-c14d-e740-db16-5e65c1095d96" testName="mustParseInnerMsgOfSecondTag" computerName="HRASKO-NOTE" testType="13cdc9d9-ddb5-4fa4-a97d-d965ccfc6d4b" outcome="NotExecuted" testListId="8c84fa94-04c1-424b-9868-57a2d4851a1d" relativeResultsDirectory="0c3e56ad-1615-48ea-8b79-a795cca9c3c8">
    </UnitTestResult>
    <UnitTestResult executionId="3fb66798-8174-4650-93b7-99f10cf798fd" testId="ab327957-62d9-7d7d-7b45-25fbf8a9d34d" testName="mustParseInnerMsgWithInnerTag" computerName="HRASKO-NOTE" testType="13cdc9d9-ddb5-4fa4-a97d-d965ccfc6d4b" outcome="NotExecuted" testListId="8c84fa94-04c1-424b-9868-57a2d4851a1d" relativeResultsDirectory="3fb66798-8174-4650-93b7-99f10cf798fd">
    </UnitTestResult>
    <UnitTestResult executionId="82fada96-9426-4828-86e8-8d06ac3599b2" testId="ae84655b-3414-0878-b5a2-71f2dd1984c4" testName="mustParseInnerMsgOfThirdLevelTag" computerName="HRASKO-NOTE" testType="13cdc9d9-ddb5-4fa4-a97d-d965ccfc6d4b" outcome="NotExecuted" testListId="8c84fa94-04c1-424b-9868-57a2d4851a1d" relativeResultsDirectory="82fada96-9426-4828-86e8-8d06ac3599b2">
    </UnitTestResult>
    <UnitTestResult executionId="20c6d739-eba5-49d9-b97e-ac7b192f2e87" testId="b5b2f11c-8613-93a5-3243-fb414ac9b971" testName="mustParseNodeName" computerName="HRASKO-NOTE" testType="13cdc9d9-ddb5-4fa4-a97d-d965ccfc6d4b" outcome="NotExecuted" testListId="8c84fa94-04c1-424b-9868-57a2d4851a1d" relativeResultsDirectory="20c6d739-eba5-49d9-b97e-ac7b192f2e87">
    </UnitTestResult>
    <UnitTestResult executionId="04253d9c-5e8e-4702-9245-07e6597d89c1" testId="bed3137b-3b3d-9cff-6927-ad87a660b6f2" testName="mustParseInnerMsgOfThirdLevelSecondTag" computerName="HRASKO-NOTE" testType="13cdc9d9-ddb5-4fa4-a97d-d965ccfc6d4b" outcome="NotExecuted" testListId="8c84fa94-04c1-424b-9868-57a2d4851a1d" relativeResultsDirectory="04253d9c-5e8e-4702-9245-07e6597d89c1">
    </UnitTestResult>
    <UnitTestResult executionId="2fe63679-4016-4865-817f-9076c24c8228" testId="f06b4dda-81cc-5b83-58cb-220343386b58" testName="mustParseInnerMsgOfInnerTag" computerName="HRASKO-NOTE" testType="13cdc9d9-ddb5-4fa4-a97d-d965ccfc6d4b" outcome="NotExecuted" testListId="8c84fa94-04c1-424b-9868-57a2d4851a1d" relativeResultsDirectory="2fe63679-4016-4865-817f-9076c24c8228">
    </UnitTestResult>
  </Results>
</TestRun>